<?xml version="1.0" encoding="UTF-8"?>
<testsuite name="com.example.demo.DemoApplicationTests" tests="1" skipped="0" failures="0" errors="0" timestamp="2024-09-02T06:24:08" hostname="DESKTOP-EOBMAHC" time="0.868">
  <properties/>
  <testcase name="contextLoads()" classname="com.example.demo.DemoApplicationTests" time="0.868"/>
  <system-out><![CDATA[15:24:05.697 [Test worker] INFO org.springframework.test.context.support.AnnotationConfigContextLoaderUtils -- Could not detect default configuration classes for test class [com.example.demo.DemoApplicationTests]: DemoApplicationTests does not declare any static, non-private, non-final, nested classes annotated with @Configuration.
15:24:05.802 [Test worker] INFO org.springframework.boot.test.context.SpringBootTestContextBootstrapper -- Found @SpringBootConfiguration com.example.demo.DemoApplication for test class com.example.demo.DemoApplicationTests

  .   ____          _            __ _ _
 /\\ / ___'_ __ _ _(_)_ __  __ _ \ \ \ \
( ( )\___ | '_ | '_| | '_ \/ _` | \ \ \ \
 \\/  ___)| |_)| | | | | || (_| |  ) ) ) )
  '  |____| .__|_| |_|_| |_\__, | / / / /
 =========|_|==============|___/=/_/_/_/

 :: Spring Boot ::                (v3.3.3)

]]></system-out>
  <system-err><![CDATA[15:24:06,252 |-WARN in com.github.loki4j.logback.Loki4jAppender[LOKI] - No encoder specified in the config. Using JsonEncoder with default settings
15:24:06,269 |-WARN in com.github.loki4j.logback.Loki4jAppender[LOKI] - No sender specified in the config. Trying to use JavaHttpSender with default settings
WARNING: A Java agent has been loaded dynamically (C:\Users\Michael\.gradle\caches\modules-2\files-2.1\net.bytebuddy\byte-buddy-agent\1.14.19\154da3a65b4f4a909d3e5bdec55d1b2b4cbb6ce1\byte-buddy-agent-1.14.19.jar)
WARNING: If a serviceability tool is in use, please run with -XX:+EnableDynamicAgentLoading to hide this warning
WARNING: If a serviceability tool is not in use, please run with -Djdk.instrument.traceUsage for more information
WARNING: Dynamic loading of agents will be disallowed by default in a future release
]]></system-err>
</testsuite>
